make: Entering directory '/__w/timescaledb/timescaledb/build'
make[1]: Entering directory '/__w/timescaledb/timescaledb/build'
make[2]: Entering directory '/__w/timescaledb/timescaledb/build'
make[3]: Entering directory '/__w/timescaledb/timescaledb/build'
make[3]: Leaving directory '/__w/timescaledb/timescaledb/build'
make[3]: Entering directory '/__w/timescaledb/timescaledb/build'
TESTS 
SKIPS chunk_adaptive histogram_test-* append-* bgw_db_scheduler* columnar_scan_cost compress_bloom_sparse_compat compress_bloom_sparse_debug compress_qualpushdown_saop compression_allocation merge_append_partially_compressed net pg_dump telemetry transparent_decompress_chunk-* transparent_decompression-* vector_agg_byte vector_agg_filter vector_agg_groupagg vector_agg_grouping vector_agg_text vector_agg_uuid vectorized_aggregation 
# using temp instance on port 55432 with PID 16664
ok 1         - cagg_watermark_concurrent_update          714 ms
ok 2         - compression_ddl_iso                      1397 ms
ok 3         - compression_conflicts_iso                4688 ms
ok 4         - cagg_insert                              1764 ms
ok 5         - cagg_multi_iso                            484 ms
ok 6         - deadlock_drop_chunks_compress            3029 ms
ok 7         - deadlock_drop_index_vacuum                136 ms
ok 8         - parallel_compression                     2764 ms
ok 9         - osm_range_updates_iso                     583 ms
ok 10        - concurrent_decompress_update             1100 ms
ok 11        - bgw_job_stat_history_retention_isolation       86 ms
ok 12        - cagg_concurrent_move                      214 ms
ok 13        - cagg_concurrent_process_wal               224 ms
ok 14        - cagg_concurrent_invalidation              326 ms
ok 15        - cagg_concurrent_refresh                  1789 ms
ok 16        - compression_chunk_race                  28223 ms
ok 17        - direct_compress_copy                      458 ms
ok 18        - compression_freeze                       1959 ms
ok 19        - compression_merge_race                   4672 ms
ok 20        - compression_recompress                  13642 ms
ok 21        - decompression_chunk_and_parallel_query_wo_idx    12521 ms
ok 22        - merge_chunks_concurrent                   426 ms
ok 23        - split_chunk_concurrent                   1014 ms
ok 24        - freeze_chunk                              675 ms
ok 25        - compression_dml_iso                      1131 ms
ok 26        - deadlock_recompress_chunk                 183 ms
ok 27        - detach_chunk_isolation                    313 ms
ok 28        - attach_chunk_isolation                    524 ms
ok 29        - reorder_deadlock                          129 ms
ok 30        - reorder_vs_insert_other_chunk             173 ms
ok 31        - reorder_vs_insert                        1552 ms
ok 32        - reorder_vs_select                        2367 ms
ok 33        - decompression_chunk_and_parallel_query     1118 ms
1..33
# All 33 tests passed.
make[3]: Leaving directory '/__w/timescaledb/timescaledb/build'
Built target isolationcheck-t
make[3]: Entering directory '/__w/timescaledb/timescaledb/build'
make[3]: Leaving directory '/__w/timescaledb/timescaledb/build'
make[3]: Entering directory '/__w/timescaledb/timescaledb/build'
TESTS 
SKIPS chunk_adaptive histogram_test-* append-* bgw_db_scheduler* columnar_scan_cost compress_bloom_sparse_compat compress_bloom_sparse_debug compress_qualpushdown_saop compression_allocation merge_append_partially_compressed net pg_dump telemetry transparent_decompress_chunk-* transparent_decompression-* vector_agg_byte vector_agg_filter vector_agg_groupagg vector_agg_grouping vector_agg_text vector_agg_uuid vectorized_aggregation 
# using temp instance on port 55432 with PID 17669
ok 1         - bgw_custom                               9895 ms
ok 2         - bgw_scheduler_control                     489 ms
ok 3         - bgw_scheduler_restart                   14461 ms
ok 4         - bgw_job_stat_history_errors_permissions     6447 ms
ok 5         - bgw_job_stat_history_errors             10697 ms
ok 6         - bgw_job_stat_history                     1626 ms
ok 7         - bgw_reorder_drop_chunks                   909 ms
ok 8         - scheduler_fixed                         11464 ms
ok 9         - compress_bgw_reorder_drop_chunks          607 ms
ok 10        - compression_ddl                          6741 ms
ok 11        - cagg_ddl-16                              1965 ms
ok 12        - cagg_dump                                1478 ms
ok 13        - cagg_policy_incremental                  2133 ms
ok 14        - move                                      616 ms
ok 15        - reorder                                   716 ms
ok 16        - split_chunk                              4703 ms
ok 17        - telemetry_stats                          1352 ms
ok 18        - cagg_invalidation                        1113 ms
ok 19        - cagg_invalidation_multi                  2577 ms
ok 20        - cagg_plugin                             25579 ms
# parallel group (11 tests):  cagg_deprecated_bucket_ng bgw_job_ddl cagg_config bgw_security attach_chunk cagg_bgw_drop_chunks bgw_policy bgw_telemetry cagg_api cagg_bgw-16 agg_partials_pushdown
ok 21        + agg_partials_pushdown                    6207 ms
ok 22        + attach_chunk                             2538 ms
ok 23        + bgw_job_ddl                              2141 ms
ok 24        + bgw_policy                               2644 ms
ok 25        + bgw_security                             2173 ms
ok 26        + bgw_telemetry                            2848 ms
ok 27        + cagg_api                                 2849 ms
ok 28        + cagg_bgw-16                              3236 ms
ok 29        + cagg_bgw_drop_chunks                     2624 ms
ok 30        + cagg_config                              2169 ms
ok 31        + cagg_deprecated_bucket_ng                1817 ms
# parallel group (11 tests):  cagg_errors cagg_permissions-16 cagg_multi cagg_drop_chunks cagg_migrate_function-16 cagg_planning cagg_on_cagg_joins cagg_on_cagg cagg_joins cagg_policy cagg_migrate
ok 32        + cagg_drop_chunks                         4455 ms
ok 33        + cagg_errors                              3254 ms
ok 34        + cagg_joins                              10280 ms
ok 35        + cagg_migrate                            19815 ms
ok 36        + cagg_migrate_function-16                 5517 ms
ok 37        + cagg_multi                               3287 ms
ok 38        + cagg_on_cagg                             8735 ms
ok 39        + cagg_on_cagg_joins                       8132 ms
ok 40        + cagg_permissions-16                      3281 ms
ok 41        + cagg_planning                            5538 ms
ok 42        + cagg_policy                             10439 ms
# parallel group (11 tests):  cagg_tableam cagg_policy_run cagg_repair-16 cagg_policy_move cagg_refresh_using_trigger cagg_union_view-16 cagg_refresh_using_merge cagg_query_using_merge-16 cagg_query-16 cagg_refresh_using_wal cagg_policy_concurrent
ok 43        + cagg_policy_concurrent                   7951 ms
ok 44        + cagg_policy_move                         2953 ms
ok 45        + cagg_policy_run                          2552 ms
ok 46        + cagg_query-16                            5227 ms
ok 47        + cagg_query_using_merge-16                5225 ms
ok 48        + cagg_refresh_using_merge                 3895 ms
ok 49        + cagg_refresh_using_trigger               3435 ms
ok 50        + cagg_refresh_using_wal                   5647 ms
ok 51        + cagg_repair-16                           2551 ms
ok 52        + cagg_tableam                             2513 ms
ok 53        + cagg_union_view-16                       3629 ms
# parallel group (10 tests):  chunk_utils_compression chunk_column_stats chunk_api chunk_merge columnstore_aliases cagg_utils cagg_usage-16 cagg_watermark chunk_utils_internal compress_auto_sparse_index
ok 54        + cagg_usage-16                            3690 ms
ok 55        + cagg_utils                               2961 ms
ok 56        + cagg_watermark                           3752 ms
ok 57        + chunk_api                                2803 ms
ok 58        + chunk_column_stats                       2798 ms
ok 59        + chunk_merge                              2810 ms
ok 60        + chunk_utils_compression                  2770 ms
ok 61        + chunk_utils_internal                     4259 ms
ok 62        + columnstore_aliases                      2854 ms
ok 63        + compress_auto_sparse_index               4716 ms
# parallel group (9 tests):  compressed_collation compress_float8_corrupt compress_dml_copy compress_sort_transform compress_default compressed_detoaster compress_sparse_config compress_bloom_sparse-16 compress_bitmap_scan
not ok 64    + compress_bitmap_scan                    20156 ms
ok 65        + compress_bloom_sparse-16                10490 ms
ok 66        + compress_default                         3121 ms
ok 67        + compress_dml_copy                        2041 ms
ok 68        + compress_float8_corrupt                  1972 ms
ok 69        + compress_sort_transform                  2277 ms
ok 70        + compress_sparse_config                   5955 ms
ok 71        + compressed_collation                     1732 ms
ok 72        + compressed_detoaster                     4255 ms
# parallel group (10 tests):  compression_create_compressed_table compression_bool_vectorized compression_constraints compression_conflicts compression_bools compression_errors compression_bgw compression_algos compression_defaults compression
not ok 73    + compression                              8647 ms
ok 74        + compression_algos                        7156 ms
ok 75        + compression_bgw                          6147 ms
ok 76        + compression_bool_vectorized              2193 ms
ok 77        + compression_bools                        4081 ms
ok 78        + compression_conflicts                    3674 ms
ok 79        + compression_constraints                  3639 ms
ok 80        + compression_create_compressed_table      2157 ms
ok 81        + compression_defaults                     8197 ms
ok 82        + compression_errors                       4122 ms
# parallel group (11 tests):  compression_policy compression_indexcreate compression_fks compression_permissions-16 compression_nulls_and_defaults compression_null_dump_restore compression_insert compression_qualpushdown compression_hypertable compression_merge compression_indexscan
ok 83        + compression_fks                          2617 ms
ok 84        + compression_hypertable                  16724 ms
ok 85        + compression_indexcreate                  2616 ms
ok 86        + compression_indexscan                   62430 ms
ok 87        + compression_insert                       6777 ms
ok 88        + compression_merge                       54256 ms
ok 89        + compression_null_dump_restore            5259 ms
ok 90        + compression_nulls_and_defaults           3743 ms
ok 91        + compression_permissions-16               3679 ms
ok 92        + compression_policy                       2572 ms
ok 93        + compression_qualpushdown                13380 ms
# parallel group (11 tests):  compression_segment_meta compression_sorted_merge_columns compression_sorted_merge_filter compression_settings compression_sequence_num_removal compression_trigger continuous_aggs-16 compression_update_delete-16 compression_uuid compression_sorted_merge_distinct compression_sorted_merge
ok 94        + compression_segment_meta                 2750 ms
ok 95        + compression_sequence_num_removal         3222 ms
ok 96        + compression_settings                     2945 ms
ok 97        + compression_sorted_merge                44205 ms
ok 98        + compression_sorted_merge_columns         2807 ms
ok 99        + compression_sorted_merge_distinct       38128 ms
ok 100       + compression_sorted_merge_filter          2809 ms
ok 101       + compression_trigger                      3224 ms
not ok 102   + compression_update_delete-16            21833 ms
ok 103       + compression_uuid                        35311 ms
ok 104       + continuous_aggs-16                       7158 ms
# parallel group (11 tests):  custom_hashagg detach_chunk create_table_with direct_compress_insert decompress_vector_qual exp_cagg_origin exp_cagg_next_gen exp_cagg_monthly decompress_index direct_compress_copy decompress_memory
ok 105       + create_table_with                        8134 ms
ok 106       + custom_hashagg                           8109 ms
ok 107       + decompress_index                        19252 ms
ok 108       + decompress_memory                       40621 ms
ok 109       + decompress_vector_qual                   8155 ms
ok 110       + detach_chunk                             8122 ms
ok 111       + direct_compress_copy                    33217 ms
ok 112       + direct_compress_insert                   8151 ms
ok 113       + exp_cagg_monthly                         9383 ms
ok 114       + exp_cagg_next_gen                        8209 ms
ok 115       + exp_cagg_origin                          8156 ms
# parallel group (11 tests):  license_tsl feature_flags fixed_schedules merge_compress hypertable_generalization exp_cagg_timezone information_view_chunk_count foreign_keys_test-16 jit merge_chunks insert_memory_usage
ok 116       + exp_cagg_timezone                        5829 ms
ok 117       + feature_flags                            2418 ms
ok 118       + fixed_schedules                          2462 ms
ok 119       + foreign_keys_test-16                     7238 ms
ok 120       + hypertable_generalization                3695 ms
ok 121       + information_view_chunk_count             6849 ms
ok 122       + insert_memory_usage                     64253 ms
ok 123       + jit                                      8691 ms
ok 124       + license_tsl                              2086 ms
ok 125       + merge_chunks                            22849 ms
ok 126       + merge_compress                           2591 ms
# parallel group (11 tests):  size_utils_tsl read_only recompress_chunk_segmentwise modify_exclusion-16 plan_skip_scan_notnull partialize_finalize recompression_integrity_tests plan_skip_scan_dagg-16 policy_generalization plan_skip_scan-16 ordered_append-16
ok 127       + modify_exclusion-16                      4137 ms
ok 128       + ordered_append-16                       15369 ms
ok 129       + partialize_finalize                      6874 ms
not ok 130   + plan_skip_scan-16                       11333 ms
not ok 131   + plan_skip_scan_dagg-16                   9679 ms
ok 132       + plan_skip_scan_notnull                   5789 ms
ok 133       + policy_generalization                    9694 ms
ok 134       + read_only                                3101 ms
ok 135       + recompress_chunk_segmentwise             4078 ms
ok 136       + recompression_integrity_tests            7383 ms
ok 137       + size_utils_tsl                           2898 ms
# parallel group (8 tests):  transparent_decompression_join_index vector_agg_default unlogged tsl_tables transparent_decompression_ordered_index-16 skip_scan_dagg transparent_decompression_queries-16 skip_scan
not ok 138   + skip_scan                               32278 ms
ok 139       + skip_scan_dagg                          11453 ms
not ok 140   + transparent_decompression_join_index     1922 ms
not ok 141   + transparent_decompression_ordered_index-16     4672 ms
not ok 142   + transparent_decompression_queries-16    16061 ms
ok 143       + tsl_tables                               2159 ms
ok 144       + unlogged                                 1958 ms
ok 145       + vector_agg_default                       1949 ms
# parallel group (4 tests):  vector_agg_param vector_agg_segmentby vector_agg_functions vector_agg_memory
ok 146       + vector_agg_functions                    32634 ms
ok 147       + vector_agg_memory                       37345 ms
ok 148       + vector_agg_param                          863 ms
ok 149       + vector_agg_segmentby                     8819 ms
1..149
make[3]: Leaving directory '/__w/timescaledb/timescaledb/build'
make[3]: Entering directory '/__w/timescaledb/timescaledb/build'
make[3]: Leaving directory '/__w/timescaledb/timescaledb/build'
make[3]: Entering directory '/__w/timescaledb/timescaledb/build'
TESTS 
SKIPS chunk_adaptive histogram_test-* append-* bgw_db_scheduler* columnar_scan_cost compress_bloom_sparse_compat compress_bloom_sparse_debug compress_qualpushdown_saop compression_allocation merge_append_partially_compressed net pg_dump telemetry transparent_decompress_chunk-* transparent_decompression-* vector_agg_byte vector_agg_filter vector_agg_groupagg vector_agg_grouping vector_agg_text vector_agg_uuid vectorized_aggregation 
# using temp instance on port 55432 with PID 47806
# parallel group (19 tests):  chunkwise_agg_gather_sort build_info classify_relation extension gapfill_bug generated_columns compress_unique_index constify_timestamptz_op_interval-16 compat constraint_aware_append decompress_placeholdervar decompress_tracking compression_nulls_not_distinct constify_now-16 decompress_join constraint_exclusion_prepared-16 gapfill-16 compression_dml cagg_compression
ok 1         + build_info                               4477 ms
ok 2         + cagg_compression                        19518 ms
ok 3         + chunkwise_agg_gather_sort                4166 ms
ok 4         + classify_relation                        4528 ms
ok 5         + compat                                   4967 ms
ok 6         + compress_unique_index                    4742 ms
ok 7         + compression_dml                         12696 ms
ok 8         + compression_nulls_not_distinct           5381 ms
ok 9         + constify_now-16                          5410 ms
ok 10        + constify_timestamptz_op_interval-16      4941 ms
ok 11        + constraint_aware_append                  4998 ms
not ok 12    + constraint_exclusion_prepared-16         7655 ms
ok 13        + decompress_join                          6250 ms
ok 14        + decompress_placeholdervar                5078 ms
ok 15        + decompress_tracking                      5070 ms
ok 16        + extension                                4566 ms
ok 17        + gapfill-16                               8450 ms
ok 18        + gapfill_bug                              4675 ms
ok 19        + generated_columns                        4684 ms
# parallel group (7 tests):  with_clause_parser subtract_integer_from_now security_barrier timestamp_limits space_constraint-16 ordered_append_join-16 memoize
ok 20        + memoize                                 38774 ms
not ok 21    + ordered_append_join-16                   2518 ms
ok 22        + security_barrier                          328 ms
ok 23        + space_constraint-16                       449 ms
ok 24        + subtract_integer_from_now                 250 ms
ok 25        + timestamp_limits                          353 ms
ok 26        + with_clause_parser                        218 ms
ok 27        - merge_dml                                4871 ms
1..27
make[3]: Leaving directory '/__w/timescaledb/timescaledb/build'
make[3]: Entering directory '/__w/timescaledb/timescaledb/build'
make[3]: Leaving directory '/__w/timescaledb/timescaledb/build'
make[3]: Entering directory '/__w/timescaledb/timescaledb/build'
SKIPS: chunk_adaptive histogram_test-*
t/001_job_crash_log.pl ................. ok
t/002_logrepl_decomp_marker.pl ......... ok
t/003_mvcc_cagg.pl ..................... ok
t/004_truncate_or_delete_spin_lock.pl .. ok
t/005_recompression_spin_lock_test.pl .. ok
All tests successful.
Files=5, Tests=45, 19 wallclock secs ( 0.03 usr  0.01 sys +  5.96 cusr  1.79 csys =  7.79 CPU)
Result: PASS
make[3]: Leaving directory '/__w/timescaledb/timescaledb/build'
Built target provecheck-t
make[3]: Entering directory '/__w/timescaledb/timescaledb/build'
make[3]: Leaving directory '/__w/timescaledb/timescaledb/build'
make[3]: Entering directory '/__w/timescaledb/timescaledb/build'
TESTS 
SKIPS chunk_adaptive histogram_test-* append-* bgw_db_scheduler* columnar_scan_cost compress_bloom_sparse_compat compress_bloom_sparse_debug compress_qualpushdown_saop compression_allocation merge_append_partially_compressed net pg_dump telemetry transparent_decompress_chunk-* transparent_decompression-* vector_agg_byte vector_agg_filter vector_agg_groupagg vector_agg_grouping vector_agg_text vector_agg_uuid vectorized_aggregation 
# using temp instance on port 55432 with PID 49681
ok 1         - alter                                     946 ms
ok 2         - alternate_users                           699 ms
ok 3         - bgw_launcher                             4549 ms
ok 4         - chunk_utils                              1415 ms
ok 5         - index                                     835 ms
ok 6         - pg_dump_unprivileged                     1696 ms
ok 7         - tablespace                                660 ms
ok 8         - loader-tsl                                791 ms
# parallel group (19 tests):  catalog_corruption chunks baserel_cache create_table copy_where cursor ddl_extra c_unit_tests ddl_errors create_chunks cluster create_table_with ddl debug_utils constraint agg_bookends-16 create_hypertable copy copy_memory_usage
ok 9         + agg_bookends-16                          5506 ms
ok 10        + baserel_cache                            3921 ms
ok 11        + c_unit_tests                             4126 ms
ok 12        + catalog_corruption                       3495 ms
ok 13        + chunks                                   3860 ms
ok 14        + cluster                                  4405 ms
ok 15        + constraint                               5220 ms
ok 16        + copy                                     7721 ms
ok 17        + copy_memory_usage                       34733 ms
ok 18        + copy_where                               4109 ms
ok 19        + create_chunks                            4269 ms
ok 20        + create_hypertable                        5540 ms
ok 21        + create_table                             4108 ms
ok 22        + create_table_with                        4490 ms
ok 23        + cursor                                   4106 ms
ok 24        + ddl                                      4897 ms
ok 25        + ddl_errors                               4211 ms
ok 26        + ddl_extra                                4106 ms
ok 27        + debug_utils                              4921 ms
# parallel group (20 tests):  drop_schema hash insert_returning license generated_as_identity delete lateral drop_hypertable information_views dump_meta grant_hypertable-16 drop_rename_hypertable drop_owned-16 insert_single drop_extension metadata merge extension_scripts insert_many insert-16
ok 28        + delete                                   4729 ms
ok 29        + drop_extension                           6063 ms
ok 30        + drop_hypertable                          4810 ms
ok 31        + drop_owned-16                            5073 ms
ok 32        + drop_rename_hypertable                   4845 ms
ok 33        + drop_schema                              4327 ms
ok 34        + dump_meta                                4839 ms
ok 35        + extension_scripts                        7148 ms
ok 36        + generated_as_identity                    4723 ms
ok 37        + grant_hypertable-16                      4838 ms
ok 38        + hash                                     4339 ms
ok 39        + information_views                        4813 ms
ok 40        + insert-16                                8474 ms
ok 41        + insert_many                              7980 ms
ok 42        + insert_returning                         4344 ms
ok 43        + insert_single                            5452 ms
ok 44        + lateral                                  4794 ms
ok 45        + license                                  4361 ms
ok 46        + merge                                    6406 ms
ok 47        + metadata                                 6216 ms
# parallel group (20 tests):  null_exclusion-16 reloptions partitioning plan_hypertable_inline plain sql_query multi_transaction_index partition partitionwise-16 repair relocate_extension size_utils rowsecurity-16 sort_optimization plan_expand_hypertable-16 query parallel-16 plan_ordered_append-16 pg_join plan_hashagg-16
ok 48        + multi_transaction_index                  5151 ms
ok 49        + null_exclusion-16                        4172 ms
ok 50        + parallel-16                             22724 ms
ok 51        + partition                                5212 ms
ok 52        + partitioning                             4404 ms
ok 53        + partitionwise-16                         5276 ms
ok 54        + pg_join                                 46289 ms
ok 55        + plain                                    4814 ms
ok 56        + plan_expand_hypertable-16               14140 ms
ok 57        + plan_hashagg-16                         47420 ms
ok 58        + plan_hypertable_inline                   4409 ms
ok 59        + plan_ordered_append-16                  29985 ms
ok 60        + query                                   18647 ms
ok 61        + relocate_extension                       6939 ms
ok 62        + reloptions                               4389 ms
ok 63        + repair                                   5643 ms
not ok 64    + rowsecurity-16                          14109 ms
ok 65        + size_utils                              14085 ms
ok 66        + sort_optimization                       14108 ms
ok 67        + sql_query                                4803 ms
# parallel group (17 tests):  symbol_conflict util test_tss_callbacks version tableam test_utils tableam_alter vacuum_parallel update timestamp-16 vacuum upsert triggers uuid trusted_extension truncate ts_merge-16
ok 68        + symbol_conflict                          2738 ms
ok 69        + tableam                                  3642 ms
ok 70        + tableam_alter                            3655 ms
ok 71        + test_tss_callbacks                       3621 ms
ok 72        + test_utils                               3646 ms
ok 73        + timestamp-16                             3819 ms
ok 74        + triggers                                 4282 ms
ok 75        + truncate                                 4636 ms
ok 76        + trusted_extension                        4437 ms
ok 77        + ts_merge-16                             14985 ms
ok 78        + update                                   3704 ms
ok 79        + upsert                                   3917 ms
ok 80        + util                                     2812 ms
ok 81        + uuid                                     4387 ms
ok 82        + vacuum                                   3842 ms
ok 83        + vacuum_parallel                          3643 ms
ok 84        + version                                  3620 ms
1..84
make[3]: Leaving directory '/__w/timescaledb/timescaledb/build'
make[3]: Entering directory '/__w/timescaledb/timescaledb/build'
make[3]: Leaving directory '/__w/timescaledb/timescaledb/build'
make[3]: Entering directory '/__w/timescaledb/timescaledb/build'
TESTS 
SKIPS chunk_adaptive histogram_test-* append-* bgw_db_scheduler* columnar_scan_cost compress_bloom_sparse_compat compress_bloom_sparse_debug compress_qualpushdown_saop compression_allocation merge_append_partially_compressed net pg_dump telemetry transparent_decompress_chunk-* transparent_decompression-* vector_agg_byte vector_agg_filter vector_agg_groupagg vector_agg_grouping vector_agg_text vector_agg_uuid vectorized_aggregation 
# using temp instance on port 55432 with PID 53455
ok 1         - deadlock_dropchunks_select              28609 ms
ok 2         - insert_dropchunks_race                     70 ms
ok 3         - isolation_nop                              32 ms
ok 4         - read_committed_insert                    1122 ms
ok 5         - read_uncommitted_insert                  1121 ms
ok 6         - repeatable_read_insert                   1121 ms
ok 7         - serializable_insert_rollback             1124 ms
ok 8         - serializable_insert                      1122 ms
ok 9         - concurrent_add_dimension                  143 ms
ok 10        - concurrent_query_and_drop_chunks          200 ms
ok 11        - dropchunks_race                           203 ms
ok 12        - multi_transaction_indexing                307 ms
1..12
# All 12 tests passed.
make[3]: Leaving directory '/__w/timescaledb/timescaledb/build'
Built target isolationcheck
make[3]: Entering directory '/__w/timescaledb/timescaledb/build'
make[3]: Leaving directory '/__w/timescaledb/timescaledb/build'
make[3]: Entering directory '/__w/timescaledb/timescaledb/build'
SKIPS: chunk_adaptive histogram_test-*
t/001_replication_telemetry.pl .. ok
All tests successful.
Files=1, Tests=4,  3 wallclock secs ( 0.01 usr  0.01 sys +  1.15 cusr  0.52 csys =  1.69 CPU)
Result: PASS
make[3]: Leaving directory '/__w/timescaledb/timescaledb/build'
Built target provecheck
make[2]: Leaving directory '/__w/timescaledb/timescaledb/build'
make[1]: Leaving directory '/__w/timescaledb/timescaledb/build'
make: Leaving directory '/__w/timescaledb/timescaledb/build'
